0 info it worked if it ends with ok
1 verbose cli [ '/Users/haydn/.nvm/versions/node/v0.12.7/bin/node',
1 verbose cli   '/Users/haydn/.nvm/versions/node/v0.12.7/bin/npm',
1 verbose cli   'publish' ]
2 info using npm@2.11.3
3 info using node@v0.12.7
4 verbose publish [ '.' ]
5 silly cache add args [ '.', null ]
6 verbose cache add spec .
7 silly cache add parsed spec { raw: '.',
7 silly cache add   scope: null,
7 silly cache add   name: null,
7 silly cache add   rawSpec: '.',
7 silly cache add   spec: '/Users/haydn/Repositories/haydn/json-api-store',
7 silly cache add   type: 'directory' }
8 verbose addLocalDirectory /Users/haydn/.npm/json-api-store/0.5.0/package.tgz not in flight; packing
9 verbose tar pack [ '/Users/haydn/.npm/json-api-store/0.5.0/package.tgz',
9 verbose tar pack   '/Users/haydn/Repositories/haydn/json-api-store' ]
10 verbose tarball /Users/haydn/.npm/json-api-store/0.5.0/package.tgz
11 verbose folder /Users/haydn/Repositories/haydn/json-api-store
12 info prepublish json-api-store@0.5.0
13 verbose addLocalTarball adding from inside cache /Users/haydn/.npm/json-api-store/0.5.0/package.tgz
14 silly cache afterAdd json-api-store@0.5.0
15 verbose afterAdd /Users/haydn/.npm/json-api-store/0.5.0/package/package.json not in flight; writing
16 verbose afterAdd /Users/haydn/.npm/json-api-store/0.5.0/package/package.json written
17 silly publish { name: 'json-api-store',
17 silly publish   version: '0.5.0',
17 silly publish   description: 'A lightweight library for using JSON API in the browser.',
17 silly publish   repository:
17 silly publish    { type: 'git',
17 silly publish      url: 'git+https://github.com/haydn/json-api-store.git' },
17 silly publish   main: 'dist/store.js',
17 silly publish   scripts:
17 silly publish    { build: './scripts/build',
17 silly publish      docs: 'esdoc -c esdoc.json',
17 silly publish      release: './scripts/release',
17 silly publish      test: './scripts/test' },
17 silly publish   author: { name: 'Haydn Ewers' },
17 silly publish   license: 'MIT',
17 silly publish   devDependencies:
17 silly publish    { babel: '^5.8.21',
17 silly publish      babelify: '^6.2.0',
17 silly publish      browserify: '^11.0.1',
17 silly publish      'chokidar-cli': '^1.0.1',
17 silly publish      esdoc: '^0.2.2',
17 silly publish      eslint: '^1.3.1',
17 silly publish      exorcist: '^0.4.0',
17 silly publish      faucet: '0.0.1',
17 silly publish      sinon: '^1.16.1',
17 silly publish      'tape-catch': '^1.0.4',
17 silly publish      'tape-run': '^1.1.0',
17 silly publish      tape: '^4.2.0',
17 silly publish      uglifyify: '^3.0.1' },
17 silly publish   dependencies: { 'array.prototype.find': '^1.0.0' },
17 silly publish   readme: '# JSON API Store [![Build Status](https://travis-ci.org/haydn/json-api-store.svg?branch=master)](https://travis-ci.org/haydn/json-api-store)\n\nA lightweight JavaScript library that acts as a data store and uses the\n[JSON API](http://jsonapi.org) specification. You can use it in the browser to\neasily communicate with a JSON API compliant server.\n\n## Usage\n\n### Browser\n\nAt the moment the primary use can for JSON API Store is in the browser:\n\n```javascript\n\n// Create a new store instance.\nvar adapter = new Store.AjaxAdapter({ base: "http://example.com/api/v1" });\nvar store = new Store(adapter);\n\n// Define the "categories" type.\nstore.define([ "categories", "category" ], {\n  title: Store.attr(),\n  products: Store.hasMany()\n});\n\n// Define the "products" type.\nstore.define([ "products", "product" ], {\n  title: Store.attr(),\n  category: Store.hasOne()\n});\n\n// Load all the products.\nstore.load("products", { include: [ "category" ] }, function (products) {\n\n  products.length; // 1\n  products[0].id; // "1"\n  products[0].title; // "Example Book"\n  products[0].category.id; // "1"\n  products[0].category.title; // "Books"\n\n  products[0] === store.find("products", "1"); // true\n  products[0].category === store.find("categories", "1"); // true\n\n});\n\n```\n\n### Node\n\nYou can also use JSON API Store in a Node.js environment (adapters that work in\na Node.js are in the works):\n\n**NOTE**: Without an adapter the `create`, `load`, `update` and `destroy`\nmethods cannot be used.\n\n```javascript\n\nvar Store = require("json-api-store");\n\nvar store = new Store();\n\nstore.define([ "categories", "category" ], {\n  title: Store.attr(),\n  products: Store.hasMany()\n});\n\nstore.define([ "products", "product" ], {\n  title: Store.attr(),\n  category: Store.hasOne()\n});\n\nstore.add({\n  type: "products",\n  id: "1",\n  attributes: {\n    title: "Example Product"\n  },\n  relationships: {\n    category: {\n      data: {\n        type: "categories",\n        id: "1"\n      }\n    }\n  }\n});\n\nstore.add({\n  type: "categories",\n  id: "1",\n  attributes: {\n    title: "Example Category"\n  }\n});\n\nstore.find("products", "1").category.title; // "Example Category"\n\n```\n\n## Installing\n\n#### NPM\n\n```\nnpm i json-api-store\n```\n\n#### Bower\n\n```\nbower i json-api-store\n```\n\n#### Manually\n\nGrab the [store.js](https://raw.githubusercontent.com/haydn/json-api-store/master/dist/store.js) file.\n\n## Documentation\n\nDocumentation is available on the website:\n\nhttp://particlesystem.com/json-api-store/\n',
17 silly publish   readmeFilename: 'README.md',
17 silly publish   gitHead: '56b8b7d4ba52eedbe1fc76e31363f569a2a40a2d',
17 silly publish   bugs: { url: 'https://github.com/haydn/json-api-store/issues' },
17 silly publish   homepage: 'https://github.com/haydn/json-api-store#readme',
17 silly publish   _id: 'json-api-store@0.5.0',
17 silly publish   _shasum: '3b4279af5d5466451fba3fead64037045a84da68',
17 silly publish   _from: '.' }
18 verbose getPublishConfig undefined
19 silly mapToRegistry name json-api-store
20 silly mapToRegistry using default registry
21 silly mapToRegistry registry https://registry.npmjs.org/
22 silly mapToRegistry uri https://registry.npmjs.org/json-api-store
23 verbose publish registryBase https://registry.npmjs.org/
24 silly publish uploading /Users/haydn/.npm/json-api-store/0.5.0/package.tgz
25 verbose stack Error: auth required for publishing
25 verbose stack     at CachingRegistryClient.publish (/Users/haydn/.nvm/versions/node/v0.12.7/lib/node_modules/npm/node_modules/npm-registry-client/lib/publish.js:30:14)
25 verbose stack     at /Users/haydn/.nvm/versions/node/v0.12.7/lib/node_modules/npm/lib/publish.js:134:14
25 verbose stack     at mapToRegistry (/Users/haydn/.nvm/versions/node/v0.12.7/lib/node_modules/npm/lib/utils/map-to-registry.js:55:3)
25 verbose stack     at publish_ (/Users/haydn/.nvm/versions/node/v0.12.7/lib/node_modules/npm/lib/publish.js:104:3)
25 verbose stack     at Array.<anonymous> (/Users/haydn/.nvm/versions/node/v0.12.7/lib/node_modules/npm/node_modules/slide/lib/bind-actor.js:15:8)
25 verbose stack     at LOOP (/Users/haydn/.nvm/versions/node/v0.12.7/lib/node_modules/npm/node_modules/slide/lib/chain.js:15:14)
25 verbose stack     at LOOP (/Users/haydn/.nvm/versions/node/v0.12.7/lib/node_modules/npm/node_modules/slide/lib/chain.js:14:28)
25 verbose stack     at chain (/Users/haydn/.nvm/versions/node/v0.12.7/lib/node_modules/npm/node_modules/slide/lib/chain.js:20:5)
25 verbose stack     at /Users/haydn/.nvm/versions/node/v0.12.7/lib/node_modules/npm/lib/publish.js:73:5
25 verbose stack     at RES (/Users/haydn/.nvm/versions/node/v0.12.7/lib/node_modules/npm/node_modules/inflight/inflight.js:23:14)
26 verbose cwd /Users/haydn/Repositories/haydn/json-api-store
27 error Darwin 14.5.0
28 error argv "/Users/haydn/.nvm/versions/node/v0.12.7/bin/node" "/Users/haydn/.nvm/versions/node/v0.12.7/bin/npm" "publish"
29 error node v0.12.7
30 error npm  v2.11.3
31 error code ENEEDAUTH
32 error need auth auth required for publishing
32 error need auth You need to authorize this machine using `npm adduser`
33 verbose exit [ 1, true ]
